<?xml version="1.0" encoding="UTF-8"?>
<testsuite xmlns:xsi="http://www.w3.org/2001/XMLSchema-instance" xsi:noNamespaceSchemaLocation="https://maven.apache.org/surefire/maven-surefire-plugin/xsd/surefire-test-report.xsd" version="3.0.2" name="com.email.writer.EmailWriterApplicationTests" time="5.81" tests="1" errors="0" skipped="0" failures="0" flakes="0">
  <properties>
[...]
</properties>
  <testcase name="contextLoads" classname="com.email.writer.EmailWriterApplicationTests" time="1.212">
    <system-out><![CDATA[13:31:24.308 [main] INFO org.springframework.test.context.support.AnnotationConfigContextLoaderUtils -- Could not detect default configuration classes for test class [com.email.writer.EmailWriterApplicationTests]: EmailWriterApplicationTests does not declare any static, non-private, non-final, nested classes annotated with @Configuration.
13:31:24.544 [main] INFO org.springframework.boot.test.context.SpringBootTestContextBootstrapper -- Found @SpringBootConfiguration com.email.writer.EmailWriterApplication for test class com.email.writer.EmailWriterApplicationTests
13:31:24.781 [main] INFO org.springframework.test.context.support.AnnotationConfigContextLoaderUtils -- Could not detect default configuration classes for test class [com.email.writer.EmailWriterApplicationTests]: EmailWriterApplicationTests does not declare any static, non-private, non-final, nested classes annotated with @Configuration.
13:31:24.788 [main] INFO org.springframework.boot.test.context.SpringBootTestContextBootstrapper -- Found @SpringBootConfiguration com.email.writer.EmailWriterApplication for test class com.email.writer.EmailWriterApplicationTests

  .   ____          _            __ _ _
 /\\ / ___'_ __ _ _(_)_ __  __ _ \ \ \ \
( ( )\___ | '_ | '_| | '_ \/ _` | \ \ \ \
 \\/  ___)| |_)| | | | | || (_| |  ) ) ) )
  '  |____| .__|_| |_|_| |_\__, | / / / /
 =========|_|==============|___/=/_/_/_/

 :: Spring Boot ::                (v4.1.0)

2026-08-20T13:31:25.542+05:30  INFO 13240 --- [email-writer] [           main] c.e.writer.EmailWriterApplicationTests   : Starting EmailWriterApplicationTests using Java 17.0.7 with PID 13240 (started by visha in D:\Springboot_project\email-writer)
2026-08-20T13:31:25.549+05:30  INFO 13240 --- [email-writer] [           main] c.e.writer.EmailWriterApplicationTests   : No active profile set, falling back to 1 default profile: "default"
2026-08-20T13:31:28.445+05:30  INFO 13240 --- [email-writer] [           main] c.e.writer.EmailWriterApplicationTests   : Started EmailWriterApplicationTests in 3.511 seconds (process running for 5.704)
]]></system-out>
  </testcase>
</testsuite>